<?xml version="1.0" encoding="UTF-8"?>
<!-- Generated by org.testng.reporters.JUnitReportReporter -->
<testsuite hostname="DESKTOP-0NVAA7R" failures="0" tests="1" name="com.tests.FirstTestCase" time="8.863" errors="0" timestamp="30 Sep 2022 03:17:29 GMT" skipped="0">
  <testcase classname="com.tests.FirstTestCase" name="launchURL" time="8.863"/>
</testsuite> <!-- com.tests.FirstTestCase -->
